<?xml version="1.0" encoding="UTF-8"?>
<!-- Generated by org.testng.reporters.JUnitReportReporter -->
<testsuite hostname="DESKTOP-EJEFS1L" failures="0" tests="1" name="TestRunner.DemoNG" time="20.644" errors="0" timestamp="2025-03-11T10:08:41 IST" skipped="0">
  <testcase classname="TestRunner.DemoNG" name="runScenario" time="20.644"/>
</testsuite> <!-- TestRunner.DemoNG -->
